Started GET "/" for 127.0.0.1 at 2023-01-12 17:47:03 -0600
Processing by Rails::WelcomeController#index as HTML
  Rendering /home/arnoldo/.rbenv/versions/3.1.3/lib/ruby/gems/3.1.0/gems/railties-7.0.4/lib/rails/templates/rails/welcome/index.html.erb
  Rendered /home/arnoldo/.rbenv/versions/3.1.3/lib/ruby/gems/3.1.0/gems/railties-7.0.4/lib/rails/templates/rails/welcome/index.html.erb (Duration: 22.3ms | Allocations: 585)
Completed 200 OK in 253ms (Views: 84.2ms | ActiveRecord: 0.0ms | Allocations: 4640)


Started GET "/" for 127.0.0.1 at 2023-01-13 19:32:01 -0600
  [1m[36mActiveRecord::SchemaMigration Pluck (1.3ms)[0m  [1m[34mSELECT "schema_migrations"."version" FROM "schema_migrations" ORDER BY "schema_migrations"."version" ASC[0m
Processing by Rails::WelcomeController#index as HTML
  Rendering /home/diego/.rbenv/versions/3.1.3/lib/ruby/gems/3.1.0/gems/railties-7.0.4/lib/rails/templates/rails/welcome/index.html.erb
  Rendered /home/diego/.rbenv/versions/3.1.3/lib/ruby/gems/3.1.0/gems/railties-7.0.4/lib/rails/templates/rails/welcome/index.html.erb (Duration: 1.3ms | Allocations: 584)
Completed 200 OK in 11ms (Views: 5.1ms | ActiveRecord: 0.0ms | Allocations: 4633)


  [1m[35m (0.2ms)[0m  [1m[34mSELECT pg_try_advisory_lock(3023990675252534715)[0m
  [1m[36mActiveRecord::SchemaMigration Pluck (0.4ms)[0m  [1m[34mSELECT "schema_migrations"."version" FROM "schema_migrations" ORDER BY "schema_migrations"."version" ASC[0m
Migrating to CreatePosts (20230114013516)
  [1m[36mTRANSACTION (0.3ms)[0m  [1m[35mBEGIN[0m
  [1m[35m (1.8ms)[0m  [1m[35mCREATE TABLE "posts" ("id" bigserial primary key, "title" character varying, "description" character varying, "created_at" timestamp(6) NOT NULL, "updated_at" timestamp(6) NOT NULL)[0m
  [1m[36mTRANSACTION (0.2ms)[0m  [1m[31mROLLBACK[0m
  [1m[35m (0.3ms)[0m  [1m[34mSELECT pg_advisory_unlock(3023990675252534715)[0m
Started GET "/" for 127.0.0.1 at 2023-01-13 19:37:00 -0600
  [1m[36mActiveRecord::SchemaMigration Pluck (0.2ms)[0m  [1m[34mSELECT "schema_migrations"."version" FROM "schema_migrations" ORDER BY "schema_migrations"."version" ASC[0m
  [1m[36mCACHE ActiveRecord::SchemaMigration Pluck (0.0ms)[0m  [1m[34mSELECT "schema_migrations"."version" FROM "schema_migrations" ORDER BY "schema_migrations"."version" ASC[0m
  
ActiveRecord::PendingMigrationError (

Migrations are pending. To resolve this issue, run:

        bin/rails db:migrate RAILS_ENV=development

You have 1 pending migration:

20230114013516_create_posts.rb


):
  
activerecord (7.0.4) lib/active_record/migration.rb:627:in `check_pending!'
activerecord (7.0.4) lib/active_record/migration.rb:592:in `block (2 levels) in call'
activesupport (7.0.4) lib/active_support/file_update_checker.rb:83:in `execute'
activesupport (7.0.4) lib/active_support/file_update_checker.rb:93:in `execute_if_updated'
activerecord (7.0.4) lib/active_record/migration.rb:599:in `block in call'
activerecord (7.0.4) lib/active_record/migration.rb:589:in `synchronize'
activerecord (7.0.4) lib/active_record/migration.rb:589:in `call'
actionpack (7.0.4) lib/action_dispatch/middleware/callbacks.rb:27:in `block in call'
activesupport (7.0.4) lib/active_support/callbacks.rb:99:in `run_callbacks'
actionpack (7.0.4) lib/action_dispatch/middleware/callbacks.rb:26:in `call'
actionpack (7.0.4) lib/action_dispatch/middleware/executor.rb:14:in `call'
actionpack (7.0.4) lib/action_dispatch/middleware/actionable_exceptions.rb:17:in `call'
actionpack (7.0.4) lib/action_dispatch/middleware/debug_exceptions.rb:28:in `call'
web-console (4.2.0) lib/web_console/middleware.rb:132:in `call_app'
web-console (4.2.0) lib/web_console/middleware.rb:28:in `block in call'
web-console (4.2.0) lib/web_console/middleware.rb:17:in `catch'
web-console (4.2.0) lib/web_console/middleware.rb:17:in `call'
actionpack (7.0.4) lib/action_dispatch/middleware/show_exceptions.rb:26:in `call'
railties (7.0.4) lib/rails/rack/logger.rb:40:in `call_app'
railties (7.0.4) lib/rails/rack/logger.rb:25:in `block in call'
activesupport (7.0.4) lib/active_support/tagged_logging.rb:99:in `block in tagged'
activesupport (7.0.4) lib/active_support/tagged_logging.rb:37:in `tagged'
activesupport (7.0.4) lib/active_support/tagged_logging.rb:99:in `tagged'
railties (7.0.4) lib/rails/rack/logger.rb:25:in `call'
sprockets-rails (3.4.2) lib/sprockets/rails/quiet_assets.rb:13:in `call'
actionpack (7.0.4) lib/action_dispatch/middleware/remote_ip.rb:93:in `call'
actionpack (7.0.4) lib/action_dispatch/middleware/request_id.rb:26:in `call'
rack (2.2.5) lib/rack/method_override.rb:24:in `call'
rack (2.2.5) lib/rack/runtime.rb:22:in `call'
activesupport (7.0.4) lib/active_support/cache/strategy/local_cache_middleware.rb:29:in `call'
actionpack (7.0.4) lib/action_dispatch/middleware/server_timing.rb:61:in `block in call'
actionpack (7.0.4) lib/action_dispatch/middleware/server_timing.rb:26:in `collect_events'
actionpack (7.0.4) lib/action_dispatch/middleware/server_timing.rb:60:in `call'
actionpack (7.0.4) lib/action_dispatch/middleware/executor.rb:14:in `call'
actionpack (7.0.4) lib/action_dispatch/middleware/static.rb:23:in `call'
rack (2.2.5) lib/rack/sendfile.rb:110:in `call'
actionpack (7.0.4) lib/action_dispatch/middleware/host_authorization.rb:137:in `call'
railties (7.0.4) lib/rails/engine.rb:530:in `call'
puma (5.6.5) lib/puma/configuration.rb:252:in `call'
puma (5.6.5) lib/puma/request.rb:77:in `block in handle_request'
puma (5.6.5) lib/puma/thread_pool.rb:340:in `with_force_shutdown'
puma (5.6.5) lib/puma/request.rb:76:in `handle_request'
puma (5.6.5) lib/puma/server.rb:443:in `process_client'
puma (5.6.5) lib/puma/thread_pool.rb:147:in `block in spawn_thread'
  [1m[35m (0.4ms)[0m  [1m[34mSELECT pg_try_advisory_lock(3023990675252534715)[0m
  [1m[36mActiveRecord::SchemaMigration Pluck (0.5ms)[0m  [1m[34mSELECT "schema_migrations"."version" FROM "schema_migrations" ORDER BY "schema_migrations"."version" ASC[0m
  [1m[36mActiveRecord::InternalMetadata Load (0.3ms)[0m  [1m[34mSELECT "ar_internal_metadata".* FROM "ar_internal_metadata" WHERE "ar_internal_metadata"."key" = $1 LIMIT $2[0m  [["key", "environment"], ["LIMIT", 1]]
  [1m[35m (0.3ms)[0m  [1m[34mSELECT pg_advisory_unlock(3023990675252534715)[0m
  [1m[36mActiveRecord::SchemaMigration Pluck (0.5ms)[0m  [1m[34mSELECT "schema_migrations"."version" FROM "schema_migrations" ORDER BY "schema_migrations"."version" ASC[0m
Started GET "/" for 127.0.0.1 at 2023-01-13 19:37:41 -0600
  [1m[36mActiveRecord::SchemaMigration Pluck (1.8ms)[0m  [1m[34mSELECT "schema_migrations"."version" FROM "schema_migrations" ORDER BY "schema_migrations"."version" ASC[0m
Processing by PostsController#index as HTML
  Rendering layout layouts/application.html.erb
  Rendering posts/index.html.erb within layouts/application
  Rendered posts/index.html.erb within layouts/application (Duration: 11.2ms | Allocations: 4619)
  Rendered layout layouts/application.html.erb (Duration: 11.7ms | Allocations: 4708)
Completed 500 Internal Server Error in 14ms (ActiveRecord: 0.0ms | Allocations: 5650)


  
ActionView::Template::Error (undefined local variable or method `new_post_path' for #<ActionView::Base:0x0000000000e448>

  '.freeze;@output_buffer.append=( link_to 'Create Post', new_post_path );@output_buffer.safe_append='
                                                          ^^^^^^^^^^^^^
Did you mean?  posts_new_path):
    2:   <div class="row justify-content-center">
    3:     <h4 class="mt-4 display-4">Listing Posts</h4>
    4:   </div>
    5:   <%= link_to 'Create Post', new_post_path %>
    6:   <div class="p-3 mb-2 bg-light text-dark">
    7:     <span class="text-info font-weight-bold">Welcome! </span>
    8:     Create your first post
  
app/views/posts/index.html.erb:5
Started GET "/" for 127.0.0.1 at 2023-01-13 19:37:53 -0600
Processing by PostsController#index as HTML
  Rendering layout layouts/application.html.erb
  Rendering posts/index.html.erb within layouts/application
  Rendered posts/index.html.erb within layouts/application (Duration: 0.9ms | Allocations: 276)
  Rendered layout layouts/application.html.erb (Duration: 526.9ms | Allocations: 92874)
Completed 200 OK in 530ms (Views: 529.0ms | ActiveRecord: 0.0ms | Allocations: 93703)


Started GET "/" for 127.0.0.1 at 2023-01-13 19:38:17 -0600
Processing by PostsController#index as HTML
  Rendering layout layouts/application.html.erb
  Rendering posts/index.html.erb within layouts/application
  Rendered posts/index.html.erb within layouts/application (Duration: 0.5ms | Allocations: 229)
  Rendered layout layouts/application.html.erb (Duration: 8.0ms | Allocations: 3313)
Completed 200 OK in 10ms (Views: 9.6ms | ActiveRecord: 0.0ms | Allocations: 4127)


Started GET "/posts/new" for 127.0.0.1 at 2023-01-13 19:38:18 -0600
Processing by PostsController#new as HTML
  Rendering layout layouts/application.html.erb
  Rendering posts/new.html.erb within layouts/application
  Rendered posts/new.html.erb within layouts/application (Duration: 12.3ms | Allocations: 4862)
  Rendered layout layouts/application.html.erb (Duration: 12.7ms | Allocations: 4941)
Completed 500 Internal Server Error in 14ms (ActiveRecord: 0.0ms | Allocations: 5251)


  
ActionView::Template::Error (undefined local variable or method `posts_path' for #<ActionView::Base:0x0000000000eb28>

    '.freeze;@output_buffer.append=  form_with scope: :post, url: posts_path, local: true do |form| @output_buffer.safe_append='
                                                                  ^^^^^^^^^^
Did you mean?  posts_new_path):
    3:     <h4 class="mt-4 mb-4 display-4">New Post</h4>
    4:   </div>
    5:   <div class="row justify-content-center">
    6:     <%= form_with scope: :post, url: posts_path, local: true do |form| %>
    7:       <div class="form-group">
    8:         <%= form.label :title %>
    9:         <%= form.text_field :title, class: 'form-control' %>
  
app/views/posts/new.html.erb:6
Started GET "/posts/new" for 127.0.0.1 at 2023-01-13 19:38:31 -0600
Processing by PostsController#new as HTML
  Rendering layout layouts/application.html.erb
  Rendering posts/new.html.erb within layouts/application
  Rendered posts/new.html.erb within layouts/application (Duration: 74.3ms | Allocations: 6322)
  Rendered layout layouts/application.html.erb (Duration: 78.1ms | Allocations: 9214)
Completed 200 OK in 80ms (Views: 79.5ms | ActiveRecord: 0.0ms | Allocations: 10010)


  [1m[36mPost Load (0.4ms)[0m  [1m[34mSELECT "posts".* FROM "posts"[0m
Started GET "/posts/new" for 127.0.0.1 at 2023-01-13 19:42:16 -0600
Processing by PostsController#new as HTML
  Rendering layout layouts/application.html.erb
  Rendering posts/new.html.erb within layouts/application
  Rendered posts/new.html.erb within layouts/application (Duration: 13.7ms | Allocations: 4684)
  Rendered layout layouts/application.html.erb (Duration: 14.1ms | Allocations: 4772)
Completed 500 Internal Server Error in 16ms (ActiveRecord: 0.0ms | Allocations: 5534)


  
ActionView::Template::Error (undefined local variable or method `posts_new_path' for #<ActionView::Base:0x00000000012d18>

    '.freeze;@output_buffer.append=  form_with scope: :post, url: posts_new_path, local: true do |form| @output_buffer.safe_append='
                                                                  ^^^^^^^^^^^^^^
Did you mean?  posts_path):
    3:     <h4 class="mt-4 mb-4 display-4">New Post</h4>
    4:   </div>
    5:   <div class="row justify-content-center">
    6:     <%= form_with scope: :post, url: posts_new_path, local: true do |form| %>
    7:       <div class="form-group">
    8:         <%= form.label :title %>
    9:         <%= form.text_field :title, class: 'form-control' %>
  
app/views/posts/new.html.erb:6
Started GET "/posts/new" for 127.0.0.1 at 2023-01-13 19:42:34 -0600
Processing by PostsController#new as HTML
  Rendering layout layouts/application.html.erb
  Rendering posts/new.html.erb within layouts/application
  Rendered posts/new.html.erb within layouts/application (Duration: 14.8ms | Allocations: 4736)
  Rendered layout layouts/application.html.erb (Duration: 15.4ms | Allocations: 4824)
Completed 500 Internal Server Error in 17ms (ActiveRecord: 0.0ms | Allocations: 5489)


  
ActionView::Template::Error (undefined local variable or method `posts_new_path' for #<ActionView::Base:0x00000000013010>

    '.freeze;@output_buffer.append=  form_with scope: :post, url: posts_new_path, local: true do |form| @output_buffer.safe_append='
                                                                  ^^^^^^^^^^^^^^
Did you mean?  posts_path):
    3:     <h4 class="mt-4 mb-4 display-4">New Post</h4>
    4:   </div>
    5:   <div class="row justify-content-center">
    6:     <%= form_with scope: :post, url: posts_new_path, local: true do |form| %>
    7:       <div class="form-group">
    8:         <%= form.label :title %>
    9:         <%= form.text_field :title, class: 'form-control' %>
  
app/views/posts/new.html.erb:6
Started GET "/posts/new" for 127.0.0.1 at 2023-01-13 19:42:53 -0600
Processing by PostsController#new as HTML
  Rendering layout layouts/application.html.erb
  Rendering posts/new.html.erb within layouts/application
  Rendered posts/new.html.erb within layouts/application (Duration: 15.4ms | Allocations: 4736)
  Rendered layout layouts/application.html.erb (Duration: 15.9ms | Allocations: 4824)
Completed 500 Internal Server Error in 18ms (ActiveRecord: 0.0ms | Allocations: 5490)


  
ActionView::Template::Error (undefined local variable or method `posts_new_path' for #<ActionView::Base:0x00000000013308>

    '.freeze;@output_buffer.append=  form_with scope: :post, url: posts_new_path, local: true do |form| @output_buffer.safe_append='
                                                                  ^^^^^^^^^^^^^^
Did you mean?  posts_path):
    3:     <h4 class="mt-4 mb-4 display-4">New Post</h4>
    4:   </div>
    5:   <div class="row justify-content-center">
    6:     <%= form_with scope: :post, url: posts_new_path, local: true do |form| %>
    7:       <div class="form-group">
    8:         <%= form.label :title %>
    9:         <%= form.text_field :title, class: 'form-control' %>
  
app/views/posts/new.html.erb:6
Started GET "/" for 127.0.0.1 at 2023-01-13 19:43:15 -0600
Processing by PostsController#index as HTML
  Rendering layout layouts/application.html.erb
  Rendering posts/index.html.erb within layouts/application
  Rendered posts/index.html.erb within layouts/application (Duration: 1.1ms | Allocations: 393)
  Rendered layout layouts/application.html.erb (Duration: 22.6ms | Allocations: 16614)
Completed 200 OK in 25ms (Views: 24.8ms | ActiveRecord: 0.0ms | Allocations: 17322)


Started GET "/" for 127.0.0.1 at 2023-01-13 19:43:16 -0600
Processing by PostsController#index as HTML
  Rendering layout layouts/application.html.erb
  Rendering posts/index.html.erb within layouts/application
  Rendered posts/index.html.erb within layouts/application (Duration: 0.2ms | Allocations: 44)
  Rendered layout layouts/application.html.erb (Duration: 4.1ms | Allocations: 2695)
Completed 200 OK in 5ms (Views: 4.8ms | ActiveRecord: 0.0ms | Allocations: 2972)


Started GET "/" for 127.0.0.1 at 2023-01-13 19:43:17 -0600
Processing by PostsController#index as HTML
  Rendering layout layouts/application.html.erb
  Rendering posts/index.html.erb within layouts/application
  Rendered posts/index.html.erb within layouts/application (Duration: 0.2ms | Allocations: 44)
  Rendered layout layouts/application.html.erb (Duration: 10.9ms | Allocations: 2685)
Completed 200 OK in 12ms (Views: 11.9ms | ActiveRecord: 0.0ms | Allocations: 2942)


Started GET "/" for 127.0.0.1 at 2023-01-13 19:43:50 -0600
Processing by PostsController#index as HTML
  Rendering layout layouts/application.html.erb
  Rendering posts/index.html.erb within layouts/application
  [1m[36mPost Load (0.4ms)[0m  [1m[34mSELECT "posts".* FROM "posts"[0m
  ↳ app/views/posts/index.html.erb:6
  Rendered posts/index.html.erb within layouts/application (Duration: 17.2ms | Allocations: 5032)
  Rendered layout layouts/application.html.erb (Duration: 32.5ms | Allocations: 21064)
Completed 200 OK in 38ms (Views: 30.2ms | ActiveRecord: 3.6ms | Allocations: 22368)


Started GET "/" for 127.0.0.1 at 2023-01-13 19:44:44 -0600
Processing by PostsController#index as HTML
  Rendering layout layouts/application.html.erb
  Rendering posts/index.html.erb within layouts/application
  [1m[36mPost Load (0.3ms)[0m  [1m[34mSELECT "posts".* FROM "posts"[0m
  ↳ app/views/posts/index.html.erb:6
  Rendered posts/index.html.erb within layouts/application (Duration: 8.4ms | Allocations: 2734)
  Rendered layout layouts/application.html.erb (Duration: 33.3ms | Allocations: 18969)
Completed 200 OK in 37ms (Views: 31.9ms | ActiveRecord: 2.7ms | Allocations: 20539)


Started GET "/posts/6" for 127.0.0.1 at 2023-01-13 19:44:45 -0600
Processing by PostsController#show as HTML
  Parameters: {"id"=>"6"}
  [1m[36mPost Load (0.2ms)[0m  [1m[34mSELECT "posts".* FROM "posts" WHERE "posts"."id" = $1 LIMIT $2[0m  [["id", 6], ["LIMIT", 1]]
  ↳ app/controllers/posts_controller.rb:7:in `show'
  Rendering layout layouts/application.html.erb
  Rendering posts/show.html.erb within layouts/application
  Rendered posts/show.html.erb within layouts/application (Duration: 0.5ms | Allocations: 181)
  Rendered layout layouts/application.html.erb (Duration: 5.5ms | Allocations: 2994)
Completed 200 OK in 11ms (Views: 6.5ms | ActiveRecord: 0.4ms | Allocations: 5773)


Started GET "/posts/6" for 127.0.0.1 at 2023-01-13 19:44:57 -0600
Processing by PostsController#show as HTML
  Parameters: {"id"=>"6"}
  [1m[36mPost Load (0.4ms)[0m  [1m[34mSELECT "posts".* FROM "posts" WHERE "posts"."id" = $1 LIMIT $2[0m  [["id", 6], ["LIMIT", 1]]
  ↳ app/controllers/posts_controller.rb:7:in `show'
  Rendering layout layouts/application.html.erb
  Rendering posts/show.html.erb within layouts/application
  Rendered posts/show.html.erb within layouts/application (Duration: 0.1ms | Allocations: 13)
  Rendered layout layouts/application.html.erb (Duration: 4.2ms | Allocations: 2653)
Completed 200 OK in 8ms (Views: 5.1ms | ActiveRecord: 0.4ms | Allocations: 3414)


Started GET "/" for 127.0.0.1 at 2023-01-13 19:45:27 -0600
Processing by PostsController#index as HTML
  Rendering layout layouts/application.html.erb
  Rendering posts/index.html.erb within layouts/application
  [1m[36mPost Load (0.7ms)[0m  [1m[34mSELECT "posts".* FROM "posts"[0m
  ↳ app/views/posts/index.html.erb:6
  Rendered posts/index.html.erb within layouts/application (Duration: 3.5ms | Allocations: 1174)
  Rendered layout layouts/application.html.erb (Duration: 9.5ms | Allocations: 4233)
Completed 200 OK in 12ms (Views: 10.6ms | ActiveRecord: 0.7ms | Allocations: 5032)


Started GET "/posts/6" for 127.0.0.1 at 2023-01-13 19:45:28 -0600
Processing by PostsController#show as HTML
  Parameters: {"id"=>"6"}
  [1m[36mPost Load (0.3ms)[0m  [1m[34mSELECT "posts".* FROM "posts" WHERE "posts"."id" = $1 LIMIT $2[0m  [["id", 6], ["LIMIT", 1]]
  ↳ app/controllers/posts_controller.rb:7:in `show'
  Rendering layout layouts/application.html.erb
  Rendering posts/show.html.erb within layouts/application
  Rendered posts/show.html.erb within layouts/application (Duration: 0.4ms | Allocations: 145)
  Rendered layout layouts/application.html.erb (Duration: 3.4ms | Allocations: 2776)
Completed 200 OK in 6ms (Views: 3.9ms | ActiveRecord: 0.3ms | Allocations: 3630)


Started GET "/" for 127.0.0.1 at 2023-01-13 19:46:03 -0600
Processing by PostsController#index as HTML
  Rendering layout layouts/application.html.erb
  Rendering posts/index.html.erb within layouts/application
  [1m[36mPost Load (1.9ms)[0m  [1m[34mSELECT "posts".* FROM "posts"[0m
  ↳ app/views/posts/index.html.erb:6
  Rendered posts/index.html.erb within layouts/application (Duration: 4.9ms | Allocations: 1286)
  Rendered layout layouts/application.html.erb (Duration: 12.4ms | Allocations: 4348)
Completed 200 OK in 15ms (Views: 11.8ms | ActiveRecord: 1.9ms | Allocations: 5148)


Started GET "/" for 127.0.0.1 at 2023-01-13 19:47:09 -0600
Processing by PostsController#index as HTML
  Rendering layout layouts/application.html.erb
  Rendering posts/index.html.erb within layouts/application
  [1m[36mPost Load (0.3ms)[0m  [1m[34mSELECT "posts".* FROM "posts"[0m
  ↳ app/views/posts/index.html.erb:6
  Rendered posts/index.html.erb within layouts/application (Duration: 8.2ms | Allocations: 2875)
  Rendered layout layouts/application.html.erb (Duration: 30.6ms | Allocations: 19091)
Completed 200 OK in 34ms (Views: 29.3ms | ActiveRecord: 2.7ms | Allocations: 20663)


Started GET "/posts/6/edit" for 127.0.0.1 at 2023-01-13 19:47:12 -0600
Processing by PostsController#edit as HTML
  Parameters: {"id"=>"6"}
  [1m[36mPost Load (0.2ms)[0m  [1m[34mSELECT "posts".* FROM "posts" WHERE "posts"."id" = $1 LIMIT $2[0m  [["id", 6], ["LIMIT", 1]]
  ↳ app/controllers/posts_controller.rb:11:in `edit'
  Rendering layout layouts/application.html.erb
  Rendering posts/edit.html.erb within layouts/application
  Rendered posts/edit.html.erb within layouts/application (Duration: 3.1ms | Allocations: 1635)
  Rendered layout layouts/application.html.erb (Duration: 6.1ms | Allocations: 4101)
Completed 200 OK in 10ms (Views: 6.9ms | ActiveRecord: 0.2ms | Allocations: 5565)


Started PATCH "/posts/6" for 127.0.0.1 at 2023-01-13 19:47:13 -0600
Processing by PostsController#update as TURBO_STREAM
  Parameters: {"authenticity_token"=>"[FILTERED]", "post"=>{"title"=>"Diego", "description"=>"117"}, "commit"=>"Update Post", "id"=>"6"}
  [1m[36mPost Load (0.3ms)[0m  [1m[34mSELECT "posts".* FROM "posts" WHERE "posts"."id" = $1 LIMIT $2[0m  [["id", 6], ["LIMIT", 1]]
  ↳ app/controllers/posts_controller.rb:15:in `update'
Redirected to http://127.0.0.1:3000/
Completed 302 Found in 7ms (ActiveRecord: 0.3ms | Allocations: 1712)


Started GET "/" for 127.0.0.1 at 2023-01-13 19:47:13 -0600
Processing by PostsController#index as TURBO_STREAM
  Rendering layout layouts/application.html.erb
  Rendering posts/index.html.erb within layouts/application
  [1m[36mPost Load (0.3ms)[0m  [1m[34mSELECT "posts".* FROM "posts"[0m
  ↳ app/views/posts/index.html.erb:6
  Rendered posts/index.html.erb within layouts/application (Duration: 2.7ms | Allocations: 885)
  Rendered layout layouts/application.html.erb (Duration: 7.4ms | Allocations: 3631)
Completed 200 OK in 11ms (Views: 9.8ms | ActiveRecord: 0.3ms | Allocations: 3992)


Started GET "/" for 127.0.0.1 at 2023-01-13 19:50:51 -0600
Processing by PostsController#index as HTML
  Rendering layout layouts/application.html.erb
  Rendering posts/index.html.erb within layouts/application
  [1m[36mPost Load (0.2ms)[0m  [1m[34mSELECT "posts".* FROM "posts"[0m
  ↳ app/views/posts/index.html.erb:6
  Rendered posts/index.html.erb within layouts/application (Duration: 10.7ms | Allocations: 3877)
  Rendered layout layouts/application.html.erb (Duration: 109.9ms | Allocations: 19837)
Completed 200 OK in 114ms (Views: 109.0ms | ActiveRecord: 2.7ms | Allocations: 21409)


Started GET "/posts" for 127.0.0.1 at 2023-01-13 19:50:53 -0600
Processing by PostsController#index as HTML
  Rendering layout layouts/application.html.erb
  Rendering posts/index.html.erb within layouts/application
  [1m[36mPost Load (0.3ms)[0m  [1m[34mSELECT "posts".* FROM "posts"[0m
  ↳ app/views/posts/index.html.erb:6
  Rendered posts/index.html.erb within layouts/application (Duration: 3.7ms | Allocations: 1684)
  Rendered layout layouts/application.html.erb (Duration: 6.9ms | Allocations: 4164)
Completed 200 OK in 8ms (Views: 7.2ms | ActiveRecord: 0.3ms | Allocations: 4457)


Started GET "/posts" for 127.0.0.1 at 2023-01-13 19:50:56 -0600
Processing by PostsController#index as HTML
  Rendering layout layouts/application.html.erb
  Rendering posts/index.html.erb within layouts/application
  [1m[36mPost Load (0.3ms)[0m  [1m[34mSELECT "posts".* FROM "posts"[0m
  ↳ app/views/posts/index.html.erb:6
  Rendered posts/index.html.erb within layouts/application (Duration: 3.0ms | Allocations: 1675)
  Rendered layout layouts/application.html.erb (Duration: 6.2ms | Allocations: 4152)
Completed 200 OK in 7ms (Views: 6.4ms | ActiveRecord: 0.3ms | Allocations: 4422)


Started GET "/posts" for 127.0.0.1 at 2023-01-13 19:50:58 -0600
Processing by PostsController#index as HTML
  Rendering layout layouts/application.html.erb
  Rendering posts/index.html.erb within layouts/application
  [1m[36mPost Load (0.7ms)[0m  [1m[34mSELECT "posts".* FROM "posts"[0m
  ↳ app/views/posts/index.html.erb:6
  Rendered posts/index.html.erb within layouts/application (Duration: 4.8ms | Allocations: 1672)
  Rendered layout layouts/application.html.erb (Duration: 8.5ms | Allocations: 4146)
Completed 200 OK in 10ms (Views: 8.4ms | ActiveRecord: 0.7ms | Allocations: 4416)


Started GET "/posts" for 127.0.0.1 at 2023-01-13 19:50:58 -0600
Processing by PostsController#index as HTML
  Rendering layout layouts/application.html.erb
  Rendering posts/index.html.erb within layouts/application
  [1m[36mPost Load (0.3ms)[0m  [1m[34mSELECT "posts".* FROM "posts"[0m
  ↳ app/views/posts/index.html.erb:6
  Rendered posts/index.html.erb within layouts/application (Duration: 3.5ms | Allocations: 1681)
  Rendered layout layouts/application.html.erb (Duration: 8.7ms | Allocations: 4155)
Completed 200 OK in 10ms (Views: 9.0ms | ActiveRecord: 0.3ms | Allocations: 4425)


Started GET "/posts" for 127.0.0.1 at 2023-01-13 19:50:59 -0600
Processing by PostsController#index as HTML
  Rendering layout layouts/application.html.erb
  Rendering posts/index.html.erb within layouts/application
  [1m[36mPost Load (0.4ms)[0m  [1m[34mSELECT "posts".* FROM "posts"[0m
  ↳ app/views/posts/index.html.erb:6
  Rendered posts/index.html.erb within layouts/application (Duration: 3.9ms | Allocations: 1696)
  Rendered layout layouts/application.html.erb (Duration: 7.4ms | Allocations: 4170)
Completed 200 OK in 9ms (Views: 7.8ms | ActiveRecord: 0.4ms | Allocations: 4440)


Started GET "/posts" for 127.0.0.1 at 2023-01-13 19:52:07 -0600
Processing by PostsController#index as HTML
  Rendering layout layouts/application.html.erb
  Rendering posts/index.html.erb within layouts/application
  Rendered posts/index.html.erb within layouts/application (Duration: 14.9ms | Allocations: 4854)
  Rendered layout layouts/application.html.erb (Duration: 16.1ms | Allocations: 4942)
Completed 500 Internal Server Error in 18ms (ActiveRecord: 0.0ms | Allocations: 5727)


  
ActionView::Template::Error (undefined local variable or method `new_posts_path' for #<ActionView::Base:0x00000000023a78>

  '.freeze;@output_buffer.append=( link_to 'Create Post', new_posts_path );@output_buffer.safe_append='
                                                          ^^^^^^^^^^^^^^
Did you mean?  new_post_path):
    2:   <div class="row justify-content-center">
    3:     <h4 class="mt-4 display-4">Listing Posts</h4>
    4:   </div>
    5:   <%= link_to 'Create Post', new_posts_path %>
    6:   <% if @posts.present? %>
    7:     <div class="row justify-content-center">
    8:       <table class="table table-bordered">
  
app/views/posts/index.html.erb:5
Started GET "/posts" for 127.0.0.1 at 2023-01-13 19:52:21 -0600
Processing by PostsController#index as HTML
  Rendering layout layouts/application.html.erb
  Rendering posts/index.html.erb within layouts/application
  [1m[36mPost Load (0.6ms)[0m  [1m[34mSELECT "posts".* FROM "posts"[0m
  ↳ app/views/posts/index.html.erb:6
  Rendered posts/index.html.erb within layouts/application (Duration: 5.1ms | Allocations: 2252)
  Rendered layout layouts/application.html.erb (Duration: 13.4ms | Allocations: 5100)
Completed 200 OK in 15ms (Views: 14.0ms | ActiveRecord: 0.6ms | Allocations: 5915)


Started GET "/posts/new" for 127.0.0.1 at 2023-01-13 19:52:22 -0600
Processing by PostsController#new as HTML
  Rendering layout layouts/application.html.erb
  Rendering posts/new.html.erb within layouts/application
  Rendered posts/new.html.erb within layouts/application (Duration: 2.2ms | Allocations: 1074)
  Rendered layout layouts/application.html.erb (Duration: 6.3ms | Allocations: 3548)
Completed 200 OK in 7ms (Views: 7.1ms | ActiveRecord: 0.0ms | Allocations: 3826)


Started POST "/posts" for 127.0.0.1 at 2023-01-13 19:52:25 -0600
Processing by PostsController#create as TURBO_STREAM
  Parameters: {"authenticity_token"=>"[FILTERED]", "post"=>{"title"=>"12121", "description"=>"123123"}, "commit"=>"Save Post"}
  [1m[36mTRANSACTION (0.2ms)[0m  [1m[35mBEGIN[0m
  ↳ app/controllers/posts_controller.rb:29:in `create'
  [1m[36mPost Create (1.1ms)[0m  [1m[32mINSERT INTO "posts" ("title", "description", "created_at", "updated_at") VALUES ($1, $2, $3, $4) RETURNING "id"[0m  [["title", "12121"], ["description", "123123"], ["created_at", "2023-01-14 01:52:25.307470"], ["updated_at", "2023-01-14 01:52:25.307470"]]
  ↳ app/controllers/posts_controller.rb:29:in `create'
  [1m[36mTRANSACTION (0.5ms)[0m  [1m[35mCOMMIT[0m
  ↳ app/controllers/posts_controller.rb:29:in `create'
Redirected to http://127.0.0.1:3000/
Completed 302 Found in 10ms (ActiveRecord: 1.7ms | Allocations: 3171)


Started GET "/" for 127.0.0.1 at 2023-01-13 19:52:25 -0600
Processing by PostsController#index as TURBO_STREAM
  Rendering layout layouts/application.html.erb
  Rendering posts/index.html.erb within layouts/application
  [1m[36mPost Load (1.1ms)[0m  [1m[34mSELECT "posts".* FROM "posts"[0m
  ↳ app/views/posts/index.html.erb:6
  Rendered posts/index.html.erb within layouts/application (Duration: 5.3ms | Allocations: 1988)
  Rendered layout layouts/application.html.erb (Duration: 8.7ms | Allocations: 4462)
Completed 200 OK in 10ms (Views: 8.3ms | ActiveRecord: 1.1ms | Allocations: 4780)


Started DELETE "/posts/9" for 127.0.0.1 at 2023-01-13 19:52:26 -0600
Processing by PostsController#destroy as TURBO_STREAM
  Parameters: {"authenticity_token"=>"[FILTERED]", "id"=>"9"}
  [1m[36mPost Load (0.8ms)[0m  [1m[34mSELECT "posts".* FROM "posts" WHERE "posts"."id" = $1 LIMIT $2[0m  [["id", 9], ["LIMIT", 1]]
  ↳ app/controllers/posts_controller.rb:22:in `destroy'
  [1m[36mTRANSACTION (0.2ms)[0m  [1m[35mBEGIN[0m
  ↳ app/controllers/posts_controller.rb:23:in `destroy'
  [1m[36mPost Destroy (1.0ms)[0m  [1m[31mDELETE FROM "posts" WHERE "posts"."id" = $1[0m  [["id", 9]]
  ↳ app/controllers/posts_controller.rb:23:in `destroy'
  [1m[36mTRANSACTION (0.6ms)[0m  [1m[35mCOMMIT[0m
  ↳ app/controllers/posts_controller.rb:23:in `destroy'
Redirected to http://127.0.0.1:3000/
Completed 302 Found in 9ms (ActiveRecord: 2.6ms | Allocations: 3003)


Started GET "/" for 127.0.0.1 at 2023-01-13 19:52:26 -0600
Processing by PostsController#index as TURBO_STREAM
  Rendering layout layouts/application.html.erb
  Rendering posts/index.html.erb within layouts/application
  [1m[36mPost Load (0.3ms)[0m  [1m[34mSELECT "posts".* FROM "posts"[0m
  ↳ app/views/posts/index.html.erb:6
  Rendered posts/index.html.erb within layouts/application (Duration: 4.8ms | Allocations: 1696)
  Rendered layout layouts/application.html.erb (Duration: 8.5ms | Allocations: 4170)
Completed 200 OK in 9ms (Views: 8.8ms | ActiveRecord: 0.3ms | Allocations: 4443)


Started GET "/" for 127.0.0.1 at 2023-01-13 19:53:25 -0600
Processing by PostsController#index as HTML
  Rendering layout layouts/application.html.erb
  Rendering posts/index.html.erb within layouts/application
  [1m[36mPost Load (0.3ms)[0m  [1m[34mSELECT "posts".* FROM "posts"[0m
  ↳ app/views/posts/index.html.erb:6
  Rendered posts/index.html.erb within layouts/application (Duration: 6.3ms | Allocations: 2219)
  Rendered layout layouts/application.html.erb (Duration: 13.6ms | Allocations: 5055)
Completed 200 OK in 16ms (Views: 14.8ms | ActiveRecord: 0.3ms | Allocations: 5852)


Started GET "/" for 127.0.0.1 at 2023-01-16 15:18:08 -0600
  [1m[36mActiveRecord::SchemaMigration Pluck (9.0ms)[0m  [1m[34mSELECT "schema_migrations"."version" FROM "schema_migrations" ORDER BY "schema_migrations"."version" ASC[0m
Processing by PostsController#index as HTML
  Rendering layout layouts/application.html.erb
  Rendering posts/index.html.erb within layouts/application
  [1m[36mPost Load (27.0ms)[0m  [1m[34mSELECT "posts".* FROM "posts"[0m
  ↳ app/views/posts/index.html.erb:6
  Rendered posts/index.html.erb within layouts/application (Duration: 53.6ms | Allocations: 6699)
  Rendered layout layouts/application.html.erb (Duration: 230.4ms | Allocations: 44545)
Completed 200 OK in 273ms (Views: 201.6ms | ActiveRecord: 31.6ms | Allocations: 48213)


Started GET "/" for 127.0.0.1 at 2023-01-16 15:26:24 -0600
Processing by PostsController#index as HTML
  Rendering layout layouts/application.html.erb
  Rendering posts/index.html.erb within layouts/application
  [1m[36mPost Load (0.3ms)[0m  [1m[34mSELECT "posts".* FROM "posts"[0m
  ↳ app/views/posts/index.html.erb:7
  Rendered posts/index.html.erb within layouts/application (Duration: 20.0ms | Allocations: 5296)
  Rendered layout layouts/application.html.erb (Duration: 23.5ms | Allocations: 8133)
Completed 200 OK in 26ms (Views: 24.9ms | ActiveRecord: 4.6ms | Allocations: 8994)


Started GET "/posts/6" for 127.0.0.1 at 2023-01-16 15:31:22 -0600
Processing by PostsController#show as HTML
  Parameters: {"id"=>"6"}
  [1m[36mPost Load (0.3ms)[0m  [1m[34mSELECT "posts".* FROM "posts" WHERE "posts"."id" = $1 LIMIT $2[0m  [["id", 6], ["LIMIT", 1]]
  ↳ app/controllers/posts_controller.rb:7:in `show'
  Rendering layout layouts/application.html.erb
  Rendering posts/show.html.erb within layouts/application
  Rendered posts/show.html.erb within layouts/application (Duration: 6.5ms | Allocations: 177)
  Rendered layout layouts/application.html.erb (Duration: 9.8ms | Allocations: 2993)
Completed 200 OK in 35ms (Views: 10.3ms | ActiveRecord: 0.5ms | Allocations: 7398)


Started GET "/" for 127.0.0.1 at 2023-01-16 15:31:43 -0600
Processing by PostsController#index as HTML
  Rendering layout layouts/application.html.erb
  Rendering posts/index.html.erb within layouts/application
  [1m[36mPost Load (0.4ms)[0m  [1m[34mSELECT "posts".* FROM "posts"[0m
  ↳ app/views/posts/index.html.erb:7
  Rendered posts/index.html.erb within layouts/application (Duration: 3.0ms | Allocations: 1666)
  Rendered layout layouts/application.html.erb (Duration: 10.4ms | Allocations: 4142)
Completed 200 OK in 11ms (Views: 10.6ms | ActiveRecord: 0.4ms | Allocations: 4423)


Started GET "/" for 127.0.0.1 at 2023-01-16 15:32:04 -0600
Processing by PostsController#index as HTML
  Rendering layout layouts/application.html.erb
  Rendering posts/index.html.erb within layouts/application
  [1m[36mPost Load (0.3ms)[0m  [1m[34mSELECT "posts".* FROM "posts"[0m
  ↳ app/views/posts/index.html.erb:7
  Rendered posts/index.html.erb within layouts/application (Duration: 4.5ms | Allocations: 2202)
  Rendered layout layouts/application.html.erb (Duration: 10.5ms | Allocations: 5038)
Completed 200 OK in 13ms (Views: 11.8ms | ActiveRecord: 0.3ms | Allocations: 5845)


Started GET "/" for 127.0.0.1 at 2023-01-16 15:32:50 -0600
Processing by PostsController#index as HTML
  Rendering layout layouts/application.html.erb
  Rendering posts/index.html.erb within layouts/application
  [1m[36mPost Load (0.7ms)[0m  [1m[34mSELECT "posts".* FROM "posts"[0m
  ↳ app/views/posts/index.html.erb:7
  Rendered posts/index.html.erb within layouts/application (Duration: 7.9ms | Allocations: 2211)
  Rendered layout layouts/application.html.erb (Duration: 11.7ms | Allocations: 5047)
Completed 200 OK in 14ms (Views: 13.1ms | ActiveRecord: 0.7ms | Allocations: 5868)


Started GET "/" for 127.0.0.1 at 2023-01-16 15:33:54 -0600
Processing by PostsController#index as HTML
  Rendering layout layouts/application.html.erb
  Rendering posts/index.html.erb within layouts/application
  [1m[36mPost Load (0.2ms)[0m  [1m[34mSELECT "posts".* FROM "posts"[0m
  ↳ app/views/posts/index.html.erb:27
  Rendered posts/index.html.erb within layouts/application (Duration: 5.8ms | Allocations: 2180)
  Rendered layout layouts/application.html.erb (Duration: 11.1ms | Allocations: 5016)
Completed 200 OK in 14ms (Views: 13.4ms | ActiveRecord: 0.2ms | Allocations: 5837)


Started GET "/" for 127.0.0.1 at 2023-01-16 15:35:11 -0600
Processing by PostsController#index as HTML
  Rendering layout layouts/application.html.erb
  Rendering posts/index.html.erb within layouts/application
  [1m[36mPost Load (0.2ms)[0m  [1m[34mSELECT "posts".* FROM "posts"[0m
  ↳ app/views/posts/index.html.erb:27
  Rendered posts/index.html.erb within layouts/application (Duration: 3.0ms | Allocations: 1618)
  Rendered layout layouts/application.html.erb (Duration: 8.6ms | Allocations: 4092)
Completed 200 OK in 10ms (Views: 9.1ms | ActiveRecord: 0.2ms | Allocations: 4383)


Started GET "/" for 127.0.0.1 at 2023-01-16 15:35:13 -0600
Processing by PostsController#index as HTML
  Rendering layout layouts/application.html.erb
  Rendering posts/index.html.erb within layouts/application
  [1m[36mPost Load (0.3ms)[0m  [1m[34mSELECT "posts".* FROM "posts"[0m
  ↳ app/views/posts/index.html.erb:27
  Rendered posts/index.html.erb within layouts/application (Duration: 2.8ms | Allocations: 1642)
  Rendered layout layouts/application.html.erb (Duration: 5.9ms | Allocations: 4116)
Completed 200 OK in 9ms (Views: 8.0ms | ActiveRecord: 0.3ms | Allocations: 4384)


Started GET "/" for 127.0.0.1 at 2023-01-16 15:35:14 -0600
Processing by PostsController#index as HTML
  Rendering layout layouts/application.html.erb
  Rendering posts/index.html.erb within layouts/application
  [1m[36mPost Load (0.3ms)[0m  [1m[34mSELECT "posts".* FROM "posts"[0m
  ↳ app/views/posts/index.html.erb:27
  Rendered posts/index.html.erb within layouts/application (Duration: 2.9ms | Allocations: 1615)
  Rendered layout layouts/application.html.erb (Duration: 7.2ms | Allocations: 4089)
Completed 200 OK in 8ms (Views: 7.8ms | ActiveRecord: 0.3ms | Allocations: 4357)


Started GET "/" for 127.0.0.1 at 2023-01-16 15:35:59 -0600
Processing by PostsController#index as HTML
  Rendering layout layouts/application.html.erb
  Rendering posts/index.html.erb within layouts/application
  [1m[36mPost Load (0.3ms)[0m  [1m[34mSELECT "posts".* FROM "posts"[0m
  ↳ app/views/posts/index.html.erb:5
  Rendered posts/index.html.erb within layouts/application (Duration: 18.8ms | Allocations: 2170)
  Rendered layout layouts/application.html.erb (Duration: 22.6ms | Allocations: 5022)
Completed 200 OK in 25ms (Views: 23.9ms | ActiveRecord: 0.3ms | Allocations: 5821)


Started GET "/" for 127.0.0.1 at 2023-01-16 15:36:14 -0600
Processing by PostsController#index as HTML
  Rendering layout layouts/application.html.erb
  Rendering posts/index.html.erb within layouts/application
  [1m[36mPost Load (0.3ms)[0m  [1m[34mSELECT "posts".* FROM "posts"[0m
  ↳ app/views/posts/index.html.erb:6
  Rendered posts/index.html.erb within layouts/application (Duration: 4.0ms | Allocations: 2171)
  Rendered layout layouts/application.html.erb (Duration: 12.3ms | Allocations: 5007)
Completed 200 OK in 14ms (Views: 13.5ms | ActiveRecord: 0.3ms | Allocations: 5829)


Started GET "/" for 127.0.0.1 at 2023-01-16 15:37:10 -0600
Processing by PostsController#index as HTML
  Rendering layout layouts/application.html.erb
  Rendering posts/index.html.erb within layouts/application
  [1m[36mPost Load (0.3ms)[0m  [1m[34mSELECT "posts".* FROM "posts"[0m
  ↳ app/views/posts/index.html.erb:7
  Rendered posts/index.html.erb within layouts/application (Duration: 4.2ms | Allocations: 2203)
  Rendered layout layouts/application.html.erb (Duration: 12.6ms | Allocations: 5039)
Completed 200 OK in 15ms (Views: 13.5ms | ActiveRecord: 0.3ms | Allocations: 5860)


Started GET "/" for 127.0.0.1 at 2023-01-16 15:37:21 -0600
Processing by PostsController#index as HTML
  Rendering layout layouts/application.html.erb
  Rendering posts/index.html.erb within layouts/application
  [1m[36mPost Load (0.3ms)[0m  [1m[34mSELECT "posts".* FROM "posts"[0m
  ↳ app/views/posts/index.html.erb:6
  Rendered posts/index.html.erb within layouts/application (Duration: 5.2ms | Allocations: 2222)
  Rendered layout layouts/application.html.erb (Duration: 13.3ms | Allocations: 5065)
Completed 200 OK in 17ms (Views: 16.2ms | ActiveRecord: 0.3ms | Allocations: 5886)


Started GET "/posts/new" for 127.0.0.1 at 2023-01-16 15:37:26 -0600
Processing by PostsController#new as HTML
  Rendering layout layouts/application.html.erb
  Rendering posts/new.html.erb within layouts/application
  Rendered posts/new.html.erb within layouts/application (Duration: 48.2ms | Allocations: 4563)
  Rendered layout layouts/application.html.erb (Duration: 51.5ms | Allocations: 7175)
Completed 200 OK in 52ms (Views: 52.0ms | ActiveRecord: 0.0ms | Allocations: 7482)


Started GET "/" for 127.0.0.1 at 2023-01-16 15:37:57 -0600
Processing by PostsController#index as HTML
  Rendering layout layouts/application.html.erb
  Rendering posts/index.html.erb within layouts/application
  [1m[36mPost Load (1.0ms)[0m  [1m[34mSELECT "posts".* FROM "posts"[0m
  ↳ app/views/posts/index.html.erb:6
  Rendered posts/index.html.erb within layouts/application (Duration: 8.9ms | Allocations: 3030)
  Rendered layout layouts/application.html.erb (Duration: 17.8ms | Allocations: 5866)
Completed 200 OK in 20ms (Views: 18.6ms | ActiveRecord: 1.0ms | Allocations: 6713)


Started POST "/posts/6" for 127.0.0.1 at 2023-01-16 15:37:58 -0600
  
ActionController::RoutingError (No route matches [POST] "/posts/6"):
  
Started GET "/" for 127.0.0.1 at 2023-01-16 15:37:59 -0600
Processing by PostsController#index as HTML
  Rendering layout layouts/application.html.erb
  Rendering posts/index.html.erb within layouts/application
  [1m[36mPost Load (0.2ms)[0m  [1m[34mSELECT "posts".* FROM "posts"[0m
  ↳ app/views/posts/index.html.erb:6
  Rendered posts/index.html.erb within layouts/application (Duration: 4.0ms | Allocations: 2656)
  Rendered layout layouts/application.html.erb (Duration: 13.8ms | Allocations: 5237)
Completed 200 OK in 15ms (Views: 14.8ms | ActiveRecord: 0.2ms | Allocations: 5549)


Started POST "/posts/6" for 127.0.0.1 at 2023-01-16 15:38:00 -0600
  
ActionController::RoutingError (No route matches [POST] "/posts/6"):
  
Started GET "/" for 127.0.0.1 at 2023-01-16 15:38:00 -0600
Processing by PostsController#index as HTML
  Rendering layout layouts/application.html.erb
  Rendering posts/index.html.erb within layouts/application
  [1m[36mPost Load (0.5ms)[0m  [1m[34mSELECT "posts".* FROM "posts"[0m
  ↳ app/views/posts/index.html.erb:6
  Rendered posts/index.html.erb within layouts/application (Duration: 7.8ms | Allocations: 2473)
  Rendered layout layouts/application.html.erb (Duration: 16.7ms | Allocations: 4960)
Completed 200 OK in 19ms (Views: 17.9ms | ActiveRecord: 0.5ms | Allocations: 5229)


Started POST "/posts/6" for 127.0.0.1 at 2023-01-16 15:38:01 -0600
  
ActionController::RoutingError (No route matches [POST] "/posts/6"):
  
Started GET "/" for 127.0.0.1 at 2023-01-16 15:38:01 -0600
Processing by PostsController#index as HTML
  Rendering layout layouts/application.html.erb
  Rendering posts/index.html.erb within layouts/application
  [1m[36mPost Load (0.3ms)[0m  [1m[34mSELECT "posts".* FROM "posts"[0m
  ↳ app/views/posts/index.html.erb:6
  Rendered posts/index.html.erb within layouts/application (Duration: 3.7ms | Allocations: 2503)
  Rendered layout layouts/application.html.erb (Duration: 9.6ms | Allocations: 4990)
Completed 200 OK in 11ms (Views: 9.9ms | ActiveRecord: 0.3ms | Allocations: 5258)


Started POST "/posts/6" for 127.0.0.1 at 2023-01-16 15:38:02 -0600
  
ActionController::RoutingError (No route matches [POST] "/posts/6"):
  
Started GET "/" for 127.0.0.1 at 2023-01-16 15:38:02 -0600
Processing by PostsController#index as HTML
  Rendering layout layouts/application.html.erb
  Rendering posts/index.html.erb within layouts/application
  [1m[36mPost Load (0.5ms)[0m  [1m[34mSELECT "posts".* FROM "posts"[0m
  ↳ app/views/posts/index.html.erb:6
  Rendered posts/index.html.erb within layouts/application (Duration: 6.8ms | Allocations: 2488)
  Rendered layout layouts/application.html.erb (Duration: 11.6ms | Allocations: 4962)
Completed 200 OK in 14ms (Views: 12.5ms | ActiveRecord: 0.5ms | Allocations: 5230)


Started POST "/posts/6/edit" for 127.0.0.1 at 2023-01-16 15:38:02 -0600
  
ActionController::RoutingError (No route matches [POST] "/posts/6/edit"):
  
Started GET "/" for 127.0.0.1 at 2023-01-16 15:38:03 -0600
Processing by PostsController#index as HTML
  Rendering layout layouts/application.html.erb
  Rendering posts/index.html.erb within layouts/application
  [1m[36mPost Load (0.6ms)[0m  [1m[34mSELECT "posts".* FROM "posts"[0m
  ↳ app/views/posts/index.html.erb:6
  Rendered posts/index.html.erb within layouts/application (Duration: 5.4ms | Allocations: 2482)
  Rendered layout layouts/application.html.erb (Duration: 8.5ms | Allocations: 4969)
Completed 200 OK in 10ms (Views: 8.8ms | ActiveRecord: 0.6ms | Allocations: 5238)


Started POST "/posts/6/edit" for 127.0.0.1 at 2023-01-16 15:38:04 -0600
  
ActionController::RoutingError (No route matches [POST] "/posts/6/edit"):
  
Started GET "/" for 127.0.0.1 at 2023-01-16 15:38:04 -0600
Processing by PostsController#index as HTML
  Rendering layout layouts/application.html.erb
  Rendering posts/index.html.erb within layouts/application
  [1m[36mPost Load (0.2ms)[0m  [1m[34mSELECT "posts".* FROM "posts"[0m
  ↳ app/views/posts/index.html.erb:6
  Rendered posts/index.html.erb within layouts/application (Duration: 3.6ms | Allocations: 2476)
  Rendered layout layouts/application.html.erb (Duration: 11.0ms | Allocations: 4963)
Completed 200 OK in 12ms (Views: 11.6ms | ActiveRecord: 0.2ms | Allocations: 5231)


Started POST "/posts/6/edit" for 127.0.0.1 at 2023-01-16 15:38:04 -0600
  
ActionController::RoutingError (No route matches [POST] "/posts/6/edit"):
  
Started GET "/" for 127.0.0.1 at 2023-01-16 15:38:04 -0600
Processing by PostsController#index as HTML
  Rendering layout layouts/application.html.erb
  Rendering posts/index.html.erb within layouts/application
  [1m[36mPost Load (0.2ms)[0m  [1m[34mSELECT "posts".* FROM "posts"[0m
  ↳ app/views/posts/index.html.erb:6
  Rendered posts/index.html.erb within layouts/application (Duration: 4.1ms | Allocations: 2473)
  Rendered layout layouts/application.html.erb (Duration: 10.5ms | Allocations: 4960)
Completed 200 OK in 12ms (Views: 11.0ms | ActiveRecord: 0.2ms | Allocations: 5230)


Started GET "/posts/new" for 127.0.0.1 at 2023-01-16 15:38:05 -0600
Processing by PostsController#new as HTML
  Rendering layout layouts/application.html.erb
  Rendering posts/new.html.erb within layouts/application
  Rendered posts/new.html.erb within layouts/application (Duration: 2.3ms | Allocations: 1085)
  Rendered layout layouts/application.html.erb (Duration: 7.3ms | Allocations: 3559)
Completed 200 OK in 8ms (Views: 7.9ms | ActiveRecord: 0.0ms | Allocations: 3818)


Started POST "/posts" for 127.0.0.1 at 2023-01-16 15:38:08 -0600
Processing by PostsController#create as TURBO_STREAM
  Parameters: {"authenticity_token"=>"[FILTERED]", "post"=>{"title"=>"123123", "description"=>"123123"}, "commit"=>"Save Post"}
  [1m[36mTRANSACTION (1.1ms)[0m  [1m[35mBEGIN[0m
  ↳ app/controllers/posts_controller.rb:29:in `create'
  [1m[36mPost Create (41.5ms)[0m  [1m[32mINSERT INTO "posts" ("title", "description", "created_at", "updated_at") VALUES ($1, $2, $3, $4) RETURNING "id"[0m  [["title", "123123"], ["description", "123123"], ["created_at", "2023-01-16 21:38:08.779361"], ["updated_at", "2023-01-16 21:38:08.779361"]]
  ↳ app/controllers/posts_controller.rb:29:in `create'
  [1m[36mTRANSACTION (0.9ms)[0m  [1m[35mCOMMIT[0m
  ↳ app/controllers/posts_controller.rb:29:in `create'
Redirected to http://127.0.0.1:3000/
Completed 302 Found in 51ms (ActiveRecord: 43.5ms | Allocations: 3518)


Started GET "/" for 127.0.0.1 at 2023-01-16 15:38:08 -0600
Processing by PostsController#index as TURBO_STREAM
  Rendering layout layouts/application.html.erb
  Rendering posts/index.html.erb within layouts/application
  [1m[36mPost Load (0.3ms)[0m  [1m[34mSELECT "posts".* FROM "posts"[0m
  ↳ app/views/posts/index.html.erb:6
  Rendered posts/index.html.erb within layouts/application (Duration: 4.2ms | Allocations: 3053)
  Rendered layout layouts/application.html.erb (Duration: 9.7ms | Allocations: 5540)
Completed 200 OK in 11ms (Views: 10.3ms | ActiveRecord: 0.3ms | Allocations: 5857)


Started DELETE "/posts/10" for 127.0.0.1 at 2023-01-16 15:38:09 -0600
Processing by PostsController#destroy as TURBO_STREAM
  Parameters: {"authenticity_token"=>"[FILTERED]", "id"=>"10"}
  [1m[36mPost Load (0.3ms)[0m  [1m[34mSELECT "posts".* FROM "posts" WHERE "posts"."id" = $1 LIMIT $2[0m  [["id", 10], ["LIMIT", 1]]
  ↳ app/controllers/posts_controller.rb:22:in `destroy'
  [1m[36mTRANSACTION (0.1ms)[0m  [1m[35mBEGIN[0m
  ↳ app/controllers/posts_controller.rb:23:in `destroy'
  [1m[36mPost Destroy (0.2ms)[0m  [1m[31mDELETE FROM "posts" WHERE "posts"."id" = $1[0m  [["id", 10]]
  ↳ app/controllers/posts_controller.rb:23:in `destroy'
  [1m[36mTRANSACTION (0.3ms)[0m  [1m[35mCOMMIT[0m
  ↳ app/controllers/posts_controller.rb:23:in `destroy'
Redirected to http://127.0.0.1:3000/
Completed 302 Found in 6ms (ActiveRecord: 1.0ms | Allocations: 2428)


Started GET "/" for 127.0.0.1 at 2023-01-16 15:38:09 -0600
Processing by PostsController#index as TURBO_STREAM
  Rendering layout layouts/application.html.erb
  Rendering posts/index.html.erb within layouts/application
  [1m[36mPost Load (0.2ms)[0m  [1m[34mSELECT "posts".* FROM "posts"[0m
  ↳ app/views/posts/index.html.erb:6
  Rendered posts/index.html.erb within layouts/application (Duration: 3.6ms | Allocations: 2473)
  Rendered layout layouts/application.html.erb (Duration: 6.4ms | Allocations: 4947)
Completed 200 OK in 7ms (Views: 6.6ms | ActiveRecord: 0.2ms | Allocations: 5220)


Started GET "/" for 127.0.0.1 at 2023-01-16 15:38:31 -0600
Processing by PostsController#index as HTML
  Rendering layout layouts/application.html.erb
  Rendering posts/index.html.erb within layouts/application
  [1m[36mPost Load (1.7ms)[0m  [1m[34mSELECT "posts".* FROM "posts"[0m
  ↳ app/views/posts/index.html.erb:6
  Rendered posts/index.html.erb within layouts/application (Duration: 7.1ms | Allocations: 2195)
  Rendered layout layouts/application.html.erb (Duration: 11.8ms | Allocations: 5031)
Completed 200 OK in 14ms (Views: 11.9ms | ActiveRecord: 1.7ms | Allocations: 5823)


